2026-04-08 19:11:13,713:WARNING:
'cuml' is a soft dependency and not included in the pycaret installation. Please run: `pip install cuml` to install.
2026-04-08 19:11:13,714:WARNING:
'cuml' is a soft dependency and not included in the pycaret installation. Please run: `pip install cuml` to install.
2026-04-08 19:11:13,714:WARNING:
'cuml' is a soft dependency and not included in the pycaret installation. Please run: `pip install cuml` to install.
2026-04-08 19:11:13,714:WARNING:
'cuml' is a soft dependency and not included in the pycaret installation. Please run: `pip install cuml` to install.
2026-04-08 19:11:17,758:INFO:PyCaret ClassificationExperiment
2026-04-08 19:11:17,758:INFO:Logging name: clf-default-name
2026-04-08 19:11:17,763:INFO:ML Usecase: MLUsecase.CLASSIFICATION
2026-04-08 19:11:17,763:INFO:version 3.3.2
2026-04-08 19:11:17,764:INFO:Initializing setup()
2026-04-08 19:11:17,764:INFO:self.USI: ee94
2026-04-08 19:11:17,764:INFO:self._variable_keys: {'_available_plots', 'seed', 'is_multiclass', 'gpu_n_jobs_param', 'exp_id', 'X_train', 'fold_generator', 'fix_imbalance', 'html_param', 'gpu_param', 'idx', 'X_test', 'fold_shuffle_param', 'USI', 'y_test', 'y', 'pipeline', 'X', 'target_param', 'log_plots_param', 'memory', 'n_jobs_param', 'data', 'exp_name_log', 'y_train', 'logging_param', 'fold_groups_param', '_ml_usecase'}
2026-04-08 19:11:17,764:INFO:Checking environment
2026-04-08 19:11:17,764:INFO:python_version: 3.11.4
2026-04-08 19:11:17,764:INFO:python_build: ('tags/v3.11.4:d2340ef', 'Jun  7 2023 05:45:37')
2026-04-08 19:11:17,764:INFO:machine: AMD64
2026-04-08 19:11:17,816:INFO:platform: Windows-10-10.0.26200-SP0
2026-04-08 19:11:17,816:INFO:Memory: svmem(total=16859041792, available=1619890176, percent=90.4, used=15239151616, free=1619890176)
2026-04-08 19:11:17,816:INFO:Physical Core: 10
2026-04-08 19:11:17,816:INFO:Logical Core: 12
2026-04-08 19:11:17,816:INFO:Checking libraries
2026-04-08 19:11:17,816:INFO:System:
2026-04-08 19:11:17,816:INFO:    python: 3.11.4 (tags/v3.11.4:d2340ef, Jun  7 2023, 05:45:37) [MSC v.1934 64 bit (AMD64)]
2026-04-08 19:11:17,816:INFO:executable: C:\Users\barun\AppData\Local\Programs\Python\Python311\python.exe
2026-04-08 19:11:17,816:INFO:   machine: Windows-10-10.0.26200-SP0
2026-04-08 19:11:17,816:INFO:PyCaret required dependencies:
2026-04-08 19:11:17,933:INFO:                 pip: 25.3
2026-04-08 19:11:17,933:INFO:          setuptools: 65.5.0
2026-04-08 19:11:17,934:INFO:             pycaret: 3.3.2
2026-04-08 19:11:17,934:INFO:             IPython: 8.14.0
2026-04-08 19:11:17,934:INFO:          ipywidgets: 8.1.0
2026-04-08 19:11:17,934:INFO:                tqdm: 4.67.1
2026-04-08 19:11:17,934:INFO:               numpy: 1.26.4
2026-04-08 19:11:17,934:INFO:              pandas: 2.1.4
2026-04-08 19:11:17,934:INFO:              jinja2: 3.1.6
2026-04-08 19:11:17,934:INFO:               scipy: 1.11.4
2026-04-08 19:11:17,934:INFO:              joblib: 1.3.2
2026-04-08 19:11:17,934:INFO:             sklearn: 1.4.2
2026-04-08 19:11:17,934:INFO:                pyod: 2.1.0
2026-04-08 19:11:17,934:INFO:            imblearn: 0.14.1
2026-04-08 19:11:17,934:INFO:   category_encoders: 2.7.0
2026-04-08 19:11:17,934:INFO:            lightgbm: 4.6.0
2026-04-08 19:11:17,934:INFO:               numba: 0.62.1
2026-04-08 19:11:17,934:INFO:            requests: 2.32.5
2026-04-08 19:11:17,934:INFO:          matplotlib: 3.7.2
2026-04-08 19:11:17,934:INFO:          scikitplot: 0.3.7
2026-04-08 19:11:17,934:INFO:         yellowbrick: 1.5
2026-04-08 19:11:17,934:INFO:              plotly: 5.24.1
2026-04-08 19:11:17,934:INFO:    plotly-resampler: Not installed
2026-04-08 19:11:17,934:INFO:             kaleido: 1.2.0
2026-04-08 19:11:17,934:INFO:           schemdraw: 0.15
2026-04-08 19:11:17,934:INFO:         statsmodels: 0.14.5
2026-04-08 19:11:17,934:INFO:              sktime: 0.26.0
2026-04-08 19:11:17,934:INFO:               tbats: 1.1.3
2026-04-08 19:11:17,934:INFO:            pmdarima: 2.0.4
2026-04-08 19:11:17,934:INFO:              psutil: 5.9.5
2026-04-08 19:11:17,934:INFO:          markupsafe: 2.1.3
2026-04-08 19:11:17,934:INFO:             pickle5: Not installed
2026-04-08 19:11:17,934:INFO:         cloudpickle: 3.1.2
2026-04-08 19:11:17,934:INFO:         deprecation: 2.1.0
2026-04-08 19:11:17,934:INFO:              xxhash: 3.5.0
2026-04-08 19:11:17,934:INFO:           wurlitzer: Not installed
2026-04-08 19:11:17,934:INFO:PyCaret optional dependencies:
2026-04-08 19:11:26,028:INFO:                shap: Not installed
2026-04-08 19:11:26,030:INFO:           interpret: Not installed
2026-04-08 19:11:26,030:INFO:                umap: Not installed
2026-04-08 19:11:26,030:INFO:     ydata_profiling: Not installed
2026-04-08 19:11:26,030:INFO:  explainerdashboard: Not installed
2026-04-08 19:11:26,030:INFO:             autoviz: Not installed
2026-04-08 19:11:26,030:INFO:           fairlearn: Not installed
2026-04-08 19:11:26,030:INFO:          deepchecks: Not installed
2026-04-08 19:11:26,030:INFO:             xgboost: Not installed
2026-04-08 19:11:26,030:INFO:            catboost: Not installed
2026-04-08 19:11:26,030:INFO:              kmodes: Not installed
2026-04-08 19:11:26,030:INFO:             mlxtend: Not installed
2026-04-08 19:11:26,030:INFO:       statsforecast: Not installed
2026-04-08 19:11:26,030:INFO:        tune_sklearn: Not installed
2026-04-08 19:11:26,030:INFO:                 ray: Not installed
2026-04-08 19:11:26,030:INFO:            hyperopt: Not installed
2026-04-08 19:11:26,030:INFO:              optuna: Not installed
2026-04-08 19:11:26,030:INFO:               skopt: Not installed
2026-04-08 19:11:26,030:INFO:              mlflow: Not installed
2026-04-08 19:11:26,030:INFO:              gradio: 5.38.0
2026-04-08 19:11:26,030:INFO:             fastapi: 0.116.1
2026-04-08 19:11:26,030:INFO:             uvicorn: 0.40.0
2026-04-08 19:11:26,032:INFO:              m2cgen: Not installed
2026-04-08 19:11:26,032:INFO:           evidently: 0.4.40
2026-04-08 19:11:26,032:INFO:               fugue: Not installed
2026-04-08 19:11:26,032:INFO:           streamlit: 1.28.2
2026-04-08 19:11:26,032:INFO:             prophet: Not installed
2026-04-08 19:11:26,033:INFO:None
2026-04-08 19:11:26,033:INFO:Set up data.
2026-04-08 19:11:26,420:INFO:Set up folding strategy.
2026-04-08 19:11:26,420:INFO:Set up train/test split.
2026-04-08 19:11:27,020:INFO:Set up index.
2026-04-08 19:11:27,024:INFO:Assigning column types.
2026-04-08 19:11:27,637:INFO:Engine successfully changes for model 'lr' to 'sklearn'.
2026-04-08 19:11:27,754:INFO:Engine for model 'knn' has not been set explicitly, hence returning None.
2026-04-08 19:11:27,760:INFO:Engine for model 'rbfsvm' has not been set explicitly, hence returning None.
2026-04-08 19:11:27,818:WARNING:
'xgboost' is a soft dependency and not included in the pycaret installation. Please run: `pip install xgboost` to install.
Alternately, you can install this by running `pip install pycaret[models]`
2026-04-08 19:11:27,819:WARNING:
'catboost' is a soft dependency and not included in the pycaret installation. Please run: `pip install catboost` to install.
Alternately, you can install this by running `pip install pycaret[models]`
2026-04-08 19:11:27,890:INFO:Engine for model 'knn' has not been set explicitly, hence returning None.
2026-04-08 19:11:27,892:INFO:Engine for model 'rbfsvm' has not been set explicitly, hence returning None.
2026-04-08 19:11:27,934:WARNING:
'xgboost' is a soft dependency and not included in the pycaret installation. Please run: `pip install xgboost` to install.
Alternately, you can install this by running `pip install pycaret[models]`
2026-04-08 19:11:27,934:WARNING:
'catboost' is a soft dependency and not included in the pycaret installation. Please run: `pip install catboost` to install.
Alternately, you can install this by running `pip install pycaret[models]`
2026-04-08 19:11:27,934:INFO:Engine successfully changes for model 'knn' to 'sklearn'.
2026-04-08 19:11:28,015:INFO:Engine for model 'rbfsvm' has not been set explicitly, hence returning None.
2026-04-08 19:11:28,055:WARNING:
'xgboost' is a soft dependency and not included in the pycaret installation. Please run: `pip install xgboost` to install.
Alternately, you can install this by running `pip install pycaret[models]`
2026-04-08 19:11:28,056:WARNING:
'catboost' is a soft dependency and not included in the pycaret installation. Please run: `pip install catboost` to install.
Alternately, you can install this by running `pip install pycaret[models]`
2026-04-08 19:11:28,144:INFO:Engine for model 'rbfsvm' has not been set explicitly, hence returning None.
2026-04-08 19:11:28,206:WARNING:
'xgboost' is a soft dependency and not included in the pycaret installation. Please run: `pip install xgboost` to install.
Alternately, you can install this by running `pip install pycaret[models]`
2026-04-08 19:11:28,208:WARNING:
'catboost' is a soft dependency and not included in the pycaret installation. Please run: `pip install catboost` to install.
Alternately, you can install this by running `pip install pycaret[models]`
2026-04-08 19:11:28,209:INFO:Engine successfully changes for model 'rbfsvm' to 'sklearn'.
2026-04-08 19:11:28,332:WARNING:
'xgboost' is a soft dependency and not included in the pycaret installation. Please run: `pip install xgboost` to install.
Alternately, you can install this by running `pip install pycaret[models]`
2026-04-08 19:11:28,332:WARNING:
'catboost' is a soft dependency and not included in the pycaret installation. Please run: `pip install catboost` to install.
Alternately, you can install this by running `pip install pycaret[models]`
2026-04-08 19:11:28,450:WARNING:
'xgboost' is a soft dependency and not included in the pycaret installation. Please run: `pip install xgboost` to install.
Alternately, you can install this by running `pip install pycaret[models]`
2026-04-08 19:11:28,450:WARNING:
'catboost' is a soft dependency and not included in the pycaret installation. Please run: `pip install catboost` to install.
Alternately, you can install this by running `pip install pycaret[models]`
2026-04-08 19:11:28,454:INFO:Preparing preprocessing pipeline...
2026-04-08 19:11:28,499:INFO:Set up label encoding.
2026-04-08 19:11:28,500:INFO:Set up simple imputation.
2026-04-08 19:11:29,686:INFO:Finished creating preprocessing pipeline.
2026-04-08 19:11:29,707:INFO:Pipeline: Pipeline(memory=FastMemory(location=C:\Users\barun\AppData\Local\Temp\joblib),
         steps=[('label_encoding',
                 TransformerWrapperWithInverse(exclude=None, include=None,
                                               transformer=LabelEncoder())),
                ('numerical_imputer',
                 TransformerWrapper(exclude=None,
                                    include=['feat_0', 'feat_1', 'feat_2',
                                             'feat_3', 'feat_4', 'feat_5',
                                             'feat_6', 'feat_7', 'feat_8',
                                             'feat_9', 'feat_10',...
                                    transformer=SimpleImputer(add_indicator=False,
                                                              copy=True,
                                                              fill_value=None,
                                                              keep_empty_features=False,
                                                              missing_values=nan,
                                                              strategy='mean'))),
                ('categorical_imputer',
                 TransformerWrapper(exclude=None, include=[],
                                    transformer=SimpleImputer(add_indicator=False,
                                                              copy=True,
                                                              fill_value=None,
                                                              keep_empty_features=False,
                                                              missing_values=nan,
                                                              strategy='most_frequent')))],
         verbose=False)
2026-04-08 19:11:29,707:INFO:Creating final display dataframe.
2026-04-08 19:11:33,842:INFO:Setup _display_container:                     Description             Value
0                    Session id                42
1                        Target             label
2                   Target type            Binary
3                Target mapping   ham: 0, spam: 1
4           Original data shape      (2636, 1001)
5        Transformed data shape      (2636, 1001)
6   Transformed train set shape      (1845, 1001)
7    Transformed test set shape       (791, 1001)
8              Numeric features              1000
9                    Preprocess              True
10              Imputation type            simple
11           Numeric imputation              mean
12       Categorical imputation              mode
13               Fold Generator   StratifiedKFold
14                  Fold Number                10
15                     CPU Jobs                -1
16                      Use GPU             False
17               Log Experiment             False
18              Experiment Name  clf-default-name
19                          USI              ee94
2026-04-08 19:11:34,058:WARNING:
'xgboost' is a soft dependency and not included in the pycaret installation. Please run: `pip install xgboost` to install.
Alternately, you can install this by running `pip install pycaret[models]`
2026-04-08 19:11:34,059:WARNING:
'catboost' is a soft dependency and not included in the pycaret installation. Please run: `pip install catboost` to install.
Alternately, you can install this by running `pip install pycaret[models]`
2026-04-08 19:11:34,272:WARNING:
'xgboost' is a soft dependency and not included in the pycaret installation. Please run: `pip install xgboost` to install.
Alternately, you can install this by running `pip install pycaret[models]`
2026-04-08 19:11:34,274:WARNING:
'catboost' is a soft dependency and not included in the pycaret installation. Please run: `pip install catboost` to install.
Alternately, you can install this by running `pip install pycaret[models]`
2026-04-08 19:11:34,278:INFO:setup() successfully completed in 16.52s...............
2026-04-08 19:11:34,278:INFO:Initializing compare_models()
2026-04-08 19:11:34,278:INFO:compare_models(self=<pycaret.classification.oop.ClassificationExperiment object at 0x0000025E8BBD15D0>, include=['svm', 'nb', 'lr'], exclude=None, fold=None, round=4, cross_validation=True, sort=Accuracy, n_select=1, budget_time=None, turbo=True, errors=ignore, fit_kwargs=None, groups=None, experiment_custom_tags=None, probability_threshold=None, verbose=False, parallel=None, caller_params={'self': <pycaret.classification.oop.ClassificationExperiment object at 0x0000025E8BBD15D0>, 'include': ['svm', 'nb', 'lr'], 'exclude': None, 'fold': None, 'round': 4, 'cross_validation': True, 'sort': 'Accuracy', 'n_select': 1, 'budget_time': None, 'turbo': True, 'errors': 'ignore', 'fit_kwargs': None, 'groups': None, 'experiment_custom_tags': None, 'probability_threshold': None, 'engine': None, 'verbose': False, 'parallel': None, '__class__': <class 'pycaret.classification.oop.ClassificationExperiment'>})
2026-04-08 19:11:34,278:INFO:Checking exceptions
2026-04-08 19:11:34,462:INFO:Preparing display monitor
2026-04-08 19:11:34,468:INFO:Initializing SVM - Linear Kernel
2026-04-08 19:11:34,468:INFO:Total runtime is 1.2969970703125e-05 minutes
2026-04-08 19:11:34,469:INFO:SubProcess create_model() called ==================================
2026-04-08 19:11:34,470:INFO:Initializing create_model()
2026-04-08 19:11:34,470:INFO:create_model(self=<pycaret.classification.oop.ClassificationExperiment object at 0x0000025E8BBD15D0>, estimator=svm, fold=StratifiedKFold(n_splits=10, random_state=None, shuffle=False), round=4, cross_validation=True, predict=True, fit_kwargs={}, groups=None, refit=False, probability_threshold=None, experiment_custom_tags=None, verbose=False, system=False, add_to_model_list=True, metrics=None, display=<pycaret.internal.display.display.CommonDisplay object at 0x0000025E8F8E6990>, model_only=True, return_train_score=False, error_score=0.0, kwargs={})
2026-04-08 19:11:34,470:INFO:Checking exceptions
2026-04-08 19:11:34,470:INFO:Importing libraries
2026-04-08 19:11:34,470:INFO:Copying training dataset
2026-04-08 19:11:35,137:INFO:Defining folds
2026-04-08 19:11:35,138:INFO:Declaring metric variables
2026-04-08 19:11:35,138:INFO:Importing untrained model
2026-04-08 19:11:35,139:INFO:SVM - Linear Kernel Imported successfully
2026-04-08 19:11:35,139:INFO:Starting cross validation
2026-04-08 19:11:35,146:INFO:Cross validating with StratifiedKFold(n_splits=10, random_state=None, shuffle=False), n_jobs=-1
2026-04-08 19:11:48,321:WARNING:C:\Users\barun\AppData\Local\Programs\Python\Python311\Lib\site-packages\_distutils_hack\__init__.py:33: UserWarning: Setuptools is replacing distutils.
  warnings.warn("Setuptools is replacing distutils.")

2026-04-08 19:11:48,355:WARNING:C:\Users\barun\AppData\Local\Programs\Python\Python311\Lib\site-packages\_distutils_hack\__init__.py:33: UserWarning: Setuptools is replacing distutils.
  warnings.warn("Setuptools is replacing distutils.")

2026-04-08 19:11:48,522:WARNING:C:\Users\barun\AppData\Local\Programs\Python\Python311\Lib\site-packages\_distutils_hack\__init__.py:33: UserWarning: Setuptools is replacing distutils.
  warnings.warn("Setuptools is replacing distutils.")

2026-04-08 19:11:48,545:WARNING:C:\Users\barun\AppData\Local\Programs\Python\Python311\Lib\site-packages\_distutils_hack\__init__.py:33: UserWarning: Setuptools is replacing distutils.
  warnings.warn("Setuptools is replacing distutils.")

2026-04-08 19:11:48,558:WARNING:C:\Users\barun\AppData\Local\Programs\Python\Python311\Lib\site-packages\_distutils_hack\__init__.py:33: UserWarning: Setuptools is replacing distutils.
  warnings.warn("Setuptools is replacing distutils.")

2026-04-08 19:11:49,148:WARNING:C:\Users\barun\AppData\Local\Programs\Python\Python311\Lib\site-packages\_distutils_hack\__init__.py:33: UserWarning: Setuptools is replacing distutils.
  warnings.warn("Setuptools is replacing distutils.")

2026-04-08 19:11:49,832:WARNING:C:\Users\barun\AppData\Local\Programs\Python\Python311\Lib\site-packages\_distutils_hack\__init__.py:33: UserWarning: Setuptools is replacing distutils.
  warnings.warn("Setuptools is replacing distutils.")

2026-04-08 19:11:50,088:WARNING:C:\Users\barun\AppData\Local\Programs\Python\Python311\Lib\site-packages\_distutils_hack\__init__.py:33: UserWarning: Setuptools is replacing distutils.
  warnings.warn("Setuptools is replacing distutils.")

2026-04-08 19:11:50,148:WARNING:C:\Users\barun\AppData\Local\Programs\Python\Python311\Lib\site-packages\sklearn\metrics\_classification.py:1561: UserWarning: Note that pos_label (set to 'spam') is ignored when average != 'binary' (got 'weighted'). You may use labels=[pos_label] to specify a single positive class.
  warnings.warn(

2026-04-08 19:11:50,173:WARNING:C:\Users\barun\AppData\Local\Programs\Python\Python311\Lib\site-packages\sklearn\metrics\_classification.py:1561: UserWarning: Note that pos_label (set to 'spam') is ignored when average != 'binary' (got 'weighted'). You may use labels=[pos_label] to specify a single positive class.
  warnings.warn(

2026-04-08 19:11:50,212:WARNING:C:\Users\barun\AppData\Local\Programs\Python\Python311\Lib\site-packages\sklearn\metrics\_classification.py:1561: UserWarning: Note that pos_label (set to 'spam') is ignored when average != 'binary' (got 'weighted'). You may use labels=[pos_label] to specify a single positive class.
  warnings.warn(

2026-04-08 19:11:50,217:WARNING:C:\Users\barun\AppData\Local\Programs\Python\Python311\Lib\site-packages\_distutils_hack\__init__.py:33: UserWarning: Setuptools is replacing distutils.
  warnings.warn("Setuptools is replacing distutils.")

2026-04-08 19:11:50,397:WARNING:C:\Users\barun\AppData\Local\Programs\Python\Python311\Lib\site-packages\sklearn\metrics\_classification.py:1561: UserWarning: Note that pos_label (set to 'spam') is ignored when average != 'binary' (got 'weighted'). You may use labels=[pos_label] to specify a single positive class.
  warnings.warn(

2026-04-08 19:11:50,415:WARNING:C:\Users\barun\AppData\Local\Programs\Python\Python311\Lib\site-packages\sklearn\metrics\_classification.py:1561: UserWarning: Note that pos_label (set to 'spam') is ignored when average != 'binary' (got 'weighted'). You may use labels=[pos_label] to specify a single positive class.
  warnings.warn(

2026-04-08 19:11:50,427:WARNING:C:\Users\barun\AppData\Local\Programs\Python\Python311\Lib\site-packages\sklearn\metrics\_classification.py:1561: UserWarning: Note that pos_label (set to 'spam') is ignored when average != 'binary' (got 'weighted'). You may use labels=[pos_label] to specify a single positive class.
  warnings.warn(

2026-04-08 19:11:50,456:WARNING:C:\Users\barun\AppData\Local\Programs\Python\Python311\Lib\site-packages\sklearn\metrics\_classification.py:1561: UserWarning: Note that pos_label (set to 'spam') is ignored when average != 'binary' (got 'weighted'). You may use labels=[pos_label] to specify a single positive class.
  warnings.warn(

2026-04-08 19:11:50,464:WARNING:C:\Users\barun\AppData\Local\Programs\Python\Python311\Lib\site-packages\sklearn\metrics\_classification.py:1561: UserWarning: Note that pos_label (set to 'spam') is ignored when average != 'binary' (got 'weighted'). You may use labels=[pos_label] to specify a single positive class.
  warnings.warn(

2026-04-08 19:11:50,471:WARNING:C:\Users\barun\AppData\Local\Programs\Python\Python311\Lib\site-packages\sklearn\metrics\_classification.py:1561: UserWarning: Note that pos_label (set to 'spam') is ignored when average != 'binary' (got 'weighted'). You may use labels=[pos_label] to specify a single positive class.
  warnings.warn(

2026-04-08 19:11:50,564:WARNING:C:\Users\barun\AppData\Local\Programs\Python\Python311\Lib\site-packages\sklearn\metrics\_classification.py:1561: UserWarning: Note that pos_label (set to 'spam') is ignored when average != 'binary' (got 'weighted'). You may use labels=[pos_label] to specify a single positive class.
  warnings.warn(

2026-04-08 19:11:50,578:WARNING:C:\Users\barun\AppData\Local\Programs\Python\Python311\Lib\site-packages\sklearn\metrics\_classification.py:1561: UserWarning: Note that pos_label (set to 'spam') is ignored when average != 'binary' (got 'weighted'). You may use labels=[pos_label] to specify a single positive class.
  warnings.warn(

2026-04-08 19:11:50,589:WARNING:C:\Users\barun\AppData\Local\Programs\Python\Python311\Lib\site-packages\sklearn\metrics\_classification.py:1561: UserWarning: Note that pos_label (set to 'spam') is ignored when average != 'binary' (got 'weighted'). You may use labels=[pos_label] to specify a single positive class.
  warnings.warn(

2026-04-08 19:11:50,635:WARNING:C:\Users\barun\AppData\Local\Programs\Python\Python311\Lib\site-packages\sklearn\metrics\_classification.py:1561: UserWarning: Note that pos_label (set to 'spam') is ignored when average != 'binary' (got 'weighted'). You may use labels=[pos_label] to specify a single positive class.
  warnings.warn(

2026-04-08 19:11:50,648:WARNING:C:\Users\barun\AppData\Local\Programs\Python\Python311\Lib\site-packages\sklearn\metrics\_classification.py:1561: UserWarning: Note that pos_label (set to 'spam') is ignored when average != 'binary' (got 'weighted'). You may use labels=[pos_label] to specify a single positive class.
  warnings.warn(

2026-04-08 19:11:50,659:WARNING:C:\Users\barun\AppData\Local\Programs\Python\Python311\Lib\site-packages\sklearn\metrics\_classification.py:1561: UserWarning: Note that pos_label (set to 'spam') is ignored when average != 'binary' (got 'weighted'). You may use labels=[pos_label] to specify a single positive class.
  warnings.warn(

2026-04-08 19:11:51,155:WARNING:C:\Users\barun\AppData\Local\Programs\Python\Python311\Lib\site-packages\_distutils_hack\__init__.py:33: UserWarning: Setuptools is replacing distutils.
  warnings.warn("Setuptools is replacing distutils.")

2026-04-08 19:11:51,159:WARNING:C:\Users\barun\AppData\Local\Programs\Python\Python311\Lib\site-packages\sklearn\metrics\_classification.py:1561: UserWarning: Note that pos_label (set to 'spam') is ignored when average != 'binary' (got 'weighted'). You may use labels=[pos_label] to specify a single positive class.
  warnings.warn(

2026-04-08 19:11:51,169:WARNING:C:\Users\barun\AppData\Local\Programs\Python\Python311\Lib\site-packages\sklearn\metrics\_classification.py:1561: UserWarning: Note that pos_label (set to 'spam') is ignored when average != 'binary' (got 'weighted'). You may use labels=[pos_label] to specify a single positive class.
  warnings.warn(

2026-04-08 19:11:51,177:WARNING:C:\Users\barun\AppData\Local\Programs\Python\Python311\Lib\site-packages\sklearn\metrics\_classification.py:1561: UserWarning: Note that pos_label (set to 'spam') is ignored when average != 'binary' (got 'weighted'). You may use labels=[pos_label] to specify a single positive class.
  warnings.warn(

2026-04-08 19:11:51,494:WARNING:C:\Users\barun\AppData\Local\Programs\Python\Python311\Lib\site-packages\sklearn\metrics\_classification.py:1561: UserWarning: Note that pos_label (set to 'spam') is ignored when average != 'binary' (got 'weighted'). You may use labels=[pos_label] to specify a single positive class.
  warnings.warn(

2026-04-08 19:11:51,503:WARNING:C:\Users\barun\AppData\Local\Programs\Python\Python311\Lib\site-packages\sklearn\metrics\_classification.py:1561: UserWarning: Note that pos_label (set to 'spam') is ignored when average != 'binary' (got 'weighted'). You may use labels=[pos_label] to specify a single positive class.
  warnings.warn(

2026-04-08 19:11:51,510:WARNING:C:\Users\barun\AppData\Local\Programs\Python\Python311\Lib\site-packages\sklearn\metrics\_classification.py:1561: UserWarning: Note that pos_label (set to 'spam') is ignored when average != 'binary' (got 'weighted'). You may use labels=[pos_label] to specify a single positive class.
  warnings.warn(

2026-04-08 19:11:51,701:WARNING:C:\Users\barun\AppData\Local\Programs\Python\Python311\Lib\site-packages\sklearn\metrics\_classification.py:1561: UserWarning: Note that pos_label (set to 'spam') is ignored when average != 'binary' (got 'weighted'). You may use labels=[pos_label] to specify a single positive class.
  warnings.warn(

2026-04-08 19:11:51,714:WARNING:C:\Users\barun\AppData\Local\Programs\Python\Python311\Lib\site-packages\sklearn\metrics\_classification.py:1561: UserWarning: Note that pos_label (set to 'spam') is ignored when average != 'binary' (got 'weighted'). You may use labels=[pos_label] to specify a single positive class.
  warnings.warn(

2026-04-08 19:11:51,728:WARNING:C:\Users\barun\AppData\Local\Programs\Python\Python311\Lib\site-packages\sklearn\metrics\_classification.py:1561: UserWarning: Note that pos_label (set to 'spam') is ignored when average != 'binary' (got 'weighted'). You may use labels=[pos_label] to specify a single positive class.
  warnings.warn(

2026-04-08 19:11:51,762:WARNING:C:\Users\barun\AppData\Local\Programs\Python\Python311\Lib\site-packages\sklearn\metrics\_classification.py:1561: UserWarning: Note that pos_label (set to 'spam') is ignored when average != 'binary' (got 'weighted'). You may use labels=[pos_label] to specify a single positive class.
  warnings.warn(

2026-04-08 19:11:51,775:WARNING:C:\Users\barun\AppData\Local\Programs\Python\Python311\Lib\site-packages\sklearn\metrics\_classification.py:1561: UserWarning: Note that pos_label (set to 'spam') is ignored when average != 'binary' (got 'weighted'). You may use labels=[pos_label] to specify a single positive class.
  warnings.warn(

2026-04-08 19:11:51,786:WARNING:C:\Users\barun\AppData\Local\Programs\Python\Python311\Lib\site-packages\sklearn\metrics\_classification.py:1561: UserWarning: Note that pos_label (set to 'spam') is ignored when average != 'binary' (got 'weighted'). You may use labels=[pos_label] to specify a single positive class.
  warnings.warn(

2026-04-08 19:11:52,264:WARNING:C:\Users\barun\AppData\Local\Programs\Python\Python311\Lib\site-packages\sklearn\metrics\_classification.py:1561: UserWarning: Note that pos_label (set to 'spam') is ignored when average != 'binary' (got 'weighted'). You may use labels=[pos_label] to specify a single positive class.
  warnings.warn(

2026-04-08 19:11:52,273:WARNING:C:\Users\barun\AppData\Local\Programs\Python\Python311\Lib\site-packages\sklearn\metrics\_classification.py:1561: UserWarning: Note that pos_label (set to 'spam') is ignored when average != 'binary' (got 'weighted'). You may use labels=[pos_label] to specify a single positive class.
  warnings.warn(

2026-04-08 19:11:52,277:WARNING:C:\Users\barun\AppData\Local\Programs\Python\Python311\Lib\site-packages\sklearn\metrics\_classification.py:1561: UserWarning: Note that pos_label (set to 'spam') is ignored when average != 'binary' (got 'weighted'). You may use labels=[pos_label] to specify a single positive class.
  warnings.warn(

2026-04-08 19:11:52,304:INFO:Calculating mean and std
2026-04-08 19:11:52,306:INFO:Creating metrics dataframe
2026-04-08 19:11:52,312:INFO:Uploading results into container
2026-04-08 19:11:52,314:INFO:Uploading model into container now
2026-04-08 19:11:52,315:INFO:_master_model_container: 1
2026-04-08 19:11:52,316:INFO:_display_container: 2
2026-04-08 19:11:52,316:INFO:SGDClassifier(alpha=0.0001, average=False, class_weight=None,
              early_stopping=False, epsilon=0.1, eta0=0.001, fit_intercept=True,
              l1_ratio=0.15, learning_rate='optimal', loss='hinge',
              max_iter=1000, n_iter_no_change=5, n_jobs=-1, penalty='l2',
              power_t=0.5, random_state=42, shuffle=True, tol=0.001,
              validation_fraction=0.1, verbose=0, warm_start=False)
2026-04-08 19:11:52,317:INFO:create_model() successfully completed......................................
2026-04-08 19:11:52,521:INFO:SubProcess create_model() end ==================================
2026-04-08 19:11:52,521:INFO:Creating metrics dataframe
2026-04-08 19:11:52,527:INFO:Initializing Naive Bayes
2026-04-08 19:11:52,528:INFO:Total runtime is 0.30100876092910767 minutes
2026-04-08 19:11:52,528:INFO:SubProcess create_model() called ==================================
2026-04-08 19:11:52,529:INFO:Initializing create_model()
2026-04-08 19:11:52,529:INFO:create_model(self=<pycaret.classification.oop.ClassificationExperiment object at 0x0000025E8BBD15D0>, estimator=nb, fold=StratifiedKFold(n_splits=10, random_state=None, shuffle=False), round=4, cross_validation=True, predict=True, fit_kwargs={}, groups=None, refit=False, probability_threshold=None, experiment_custom_tags=None, verbose=False, system=False, add_to_model_list=True, metrics=None, display=<pycaret.internal.display.display.CommonDisplay object at 0x0000025E8F8E6990>, model_only=True, return_train_score=False, error_score=0.0, kwargs={})
2026-04-08 19:11:52,529:INFO:Checking exceptions
2026-04-08 19:11:52,529:INFO:Importing libraries
2026-04-08 19:11:52,529:INFO:Copying training dataset
2026-04-08 19:11:52,928:INFO:Defining folds
2026-04-08 19:11:52,929:INFO:Declaring metric variables
2026-04-08 19:11:52,929:INFO:Importing untrained model
2026-04-08 19:11:52,930:INFO:Naive Bayes Imported successfully
2026-04-08 19:11:52,931:INFO:Starting cross validation
2026-04-08 19:11:52,936:INFO:Cross validating with StratifiedKFold(n_splits=10, random_state=None, shuffle=False), n_jobs=-1
2026-04-08 19:11:53,738:WARNING:C:\Users\barun\AppData\Local\Programs\Python\Python311\Lib\site-packages\sklearn\metrics\_classification.py:1561: UserWarning: Note that pos_label (set to 'spam') is ignored when average != 'binary' (got 'weighted'). You may use labels=[pos_label] to specify a single positive class.
  warnings.warn(

2026-04-08 19:11:53,747:WARNING:C:\Users\barun\AppData\Local\Programs\Python\Python311\Lib\site-packages\sklearn\metrics\_classification.py:1561: UserWarning: Note that pos_label (set to 'spam') is ignored when average != 'binary' (got 'weighted'). You may use labels=[pos_label] to specify a single positive class.
  warnings.warn(

2026-04-08 19:11:53,759:WARNING:C:\Users\barun\AppData\Local\Programs\Python\Python311\Lib\site-packages\sklearn\metrics\_classification.py:1561: UserWarning: Note that pos_label (set to 'spam') is ignored when average != 'binary' (got 'weighted'). You may use labels=[pos_label] to specify a single positive class.
  warnings.warn(

2026-04-08 19:11:53,890:WARNING:C:\Users\barun\AppData\Local\Programs\Python\Python311\Lib\site-packages\sklearn\metrics\_classification.py:1561: UserWarning: Note that pos_label (set to 'spam') is ignored when average != 'binary' (got 'weighted'). You may use labels=[pos_label] to specify a single positive class.
  warnings.warn(

2026-04-08 19:11:53,900:WARNING:C:\Users\barun\AppData\Local\Programs\Python\Python311\Lib\site-packages\sklearn\metrics\_classification.py:1561: UserWarning: Note that pos_label (set to 'spam') is ignored when average != 'binary' (got 'weighted'). You may use labels=[pos_label] to specify a single positive class.
  warnings.warn(

2026-04-08 19:11:53,909:WARNING:C:\Users\barun\AppData\Local\Programs\Python\Python311\Lib\site-packages\sklearn\metrics\_classification.py:1561: UserWarning: Note that pos_label (set to 'spam') is ignored when average != 'binary' (got 'weighted'). You may use labels=[pos_label] to specify a single positive class.
  warnings.warn(

2026-04-08 19:11:54,014:WARNING:C:\Users\barun\AppData\Local\Programs\Python\Python311\Lib\site-packages\sklearn\metrics\_classification.py:1561: UserWarning: Note that pos_label (set to 'spam') is ignored when average != 'binary' (got 'weighted'). You may use labels=[pos_label] to specify a single positive class.
  warnings.warn(

2026-04-08 19:11:54,023:WARNING:C:\Users\barun\AppData\Local\Programs\Python\Python311\Lib\site-packages\sklearn\metrics\_classification.py:1561: UserWarning: Note that pos_label (set to 'spam') is ignored when average != 'binary' (got 'weighted'). You may use labels=[pos_label] to specify a single positive class.
  warnings.warn(

2026-04-08 19:11:54,031:WARNING:C:\Users\barun\AppData\Local\Programs\Python\Python311\Lib\site-packages\sklearn\metrics\_classification.py:1561: UserWarning: Note that pos_label (set to 'spam') is ignored when average != 'binary' (got 'weighted'). You may use labels=[pos_label] to specify a single positive class.
  warnings.warn(

2026-04-08 19:11:54,121:WARNING:C:\Users\barun\AppData\Local\Programs\Python\Python311\Lib\site-packages\sklearn\metrics\_classification.py:1561: UserWarning: Note that pos_label (set to 'spam') is ignored when average != 'binary' (got 'weighted'). You may use labels=[pos_label] to specify a single positive class.
  warnings.warn(

2026-04-08 19:11:54,129:WARNING:C:\Users\barun\AppData\Local\Programs\Python\Python311\Lib\site-packages\sklearn\metrics\_classification.py:1561: UserWarning: Note that pos_label (set to 'spam') is ignored when average != 'binary' (got 'weighted'). You may use labels=[pos_label] to specify a single positive class.
  warnings.warn(

2026-04-08 19:11:54,140:WARNING:C:\Users\barun\AppData\Local\Programs\Python\Python311\Lib\site-packages\sklearn\metrics\_classification.py:1561: UserWarning: Note that pos_label (set to 'spam') is ignored when average != 'binary' (got 'weighted'). You may use labels=[pos_label] to specify a single positive class.
  warnings.warn(

2026-04-08 19:11:54,245:WARNING:C:\Users\barun\AppData\Local\Programs\Python\Python311\Lib\site-packages\sklearn\metrics\_classification.py:1561: UserWarning: Note that pos_label (set to 'spam') is ignored when average != 'binary' (got 'weighted'). You may use labels=[pos_label] to specify a single positive class.
  warnings.warn(

2026-04-08 19:11:54,254:WARNING:C:\Users\barun\AppData\Local\Programs\Python\Python311\Lib\site-packages\sklearn\metrics\_classification.py:1561: UserWarning: Note that pos_label (set to 'spam') is ignored when average != 'binary' (got 'weighted'). You may use labels=[pos_label] to specify a single positive class.
  warnings.warn(

2026-04-08 19:11:54,261:WARNING:C:\Users\barun\AppData\Local\Programs\Python\Python311\Lib\site-packages\sklearn\metrics\_classification.py:1561: UserWarning: Note that pos_label (set to 'spam') is ignored when average != 'binary' (got 'weighted'). You may use labels=[pos_label] to specify a single positive class.
  warnings.warn(

2026-04-08 19:11:54,354:WARNING:C:\Users\barun\AppData\Local\Programs\Python\Python311\Lib\site-packages\sklearn\metrics\_classification.py:1561: UserWarning: Note that pos_label (set to 'spam') is ignored when average != 'binary' (got 'weighted'). You may use labels=[pos_label] to specify a single positive class.
  warnings.warn(

2026-04-08 19:11:54,361:WARNING:C:\Users\barun\AppData\Local\Programs\Python\Python311\Lib\site-packages\sklearn\metrics\_classification.py:1561: UserWarning: Note that pos_label (set to 'spam') is ignored when average != 'binary' (got 'weighted'). You may use labels=[pos_label] to specify a single positive class.
  warnings.warn(

2026-04-08 19:11:54,369:WARNING:C:\Users\barun\AppData\Local\Programs\Python\Python311\Lib\site-packages\sklearn\metrics\_classification.py:1561: UserWarning: Note that pos_label (set to 'spam') is ignored when average != 'binary' (got 'weighted'). You may use labels=[pos_label] to specify a single positive class.
  warnings.warn(

2026-04-08 19:11:54,432:WARNING:C:\Users\barun\AppData\Local\Programs\Python\Python311\Lib\site-packages\sklearn\metrics\_classification.py:1561: UserWarning: Note that pos_label (set to 'spam') is ignored when average != 'binary' (got 'weighted'). You may use labels=[pos_label] to specify a single positive class.
  warnings.warn(

2026-04-08 19:11:54,439:WARNING:C:\Users\barun\AppData\Local\Programs\Python\Python311\Lib\site-packages\sklearn\metrics\_classification.py:1561: UserWarning: Note that pos_label (set to 'spam') is ignored when average != 'binary' (got 'weighted'). You may use labels=[pos_label] to specify a single positive class.
  warnings.warn(

2026-04-08 19:11:54,444:WARNING:C:\Users\barun\AppData\Local\Programs\Python\Python311\Lib\site-packages\sklearn\metrics\_classification.py:1561: UserWarning: Note that pos_label (set to 'spam') is ignored when average != 'binary' (got 'weighted'). You may use labels=[pos_label] to specify a single positive class.
  warnings.warn(

2026-04-08 19:11:54,543:WARNING:C:\Users\barun\AppData\Local\Programs\Python\Python311\Lib\site-packages\sklearn\metrics\_classification.py:1561: UserWarning: Note that pos_label (set to 'spam') is ignored when average != 'binary' (got 'weighted'). You may use labels=[pos_label] to specify a single positive class.
  warnings.warn(

2026-04-08 19:11:54,550:WARNING:C:\Users\barun\AppData\Local\Programs\Python\Python311\Lib\site-packages\sklearn\metrics\_classification.py:1561: UserWarning: Note that pos_label (set to 'spam') is ignored when average != 'binary' (got 'weighted'). You may use labels=[pos_label] to specify a single positive class.
  warnings.warn(

2026-04-08 19:11:54,557:WARNING:C:\Users\barun\AppData\Local\Programs\Python\Python311\Lib\site-packages\sklearn\metrics\_classification.py:1561: UserWarning: Note that pos_label (set to 'spam') is ignored when average != 'binary' (got 'weighted'). You may use labels=[pos_label] to specify a single positive class.
  warnings.warn(

2026-04-08 19:12:00,757:WARNING:C:\Users\barun\AppData\Local\Programs\Python\Python311\Lib\site-packages\_distutils_hack\__init__.py:33: UserWarning: Setuptools is replacing distutils.
  warnings.warn("Setuptools is replacing distutils.")

2026-04-08 19:12:00,918:WARNING:C:\Users\barun\AppData\Local\Programs\Python\Python311\Lib\site-packages\_distutils_hack\__init__.py:33: UserWarning: Setuptools is replacing distutils.
  warnings.warn("Setuptools is replacing distutils.")

2026-04-08 19:12:01,797:WARNING:C:\Users\barun\AppData\Local\Programs\Python\Python311\Lib\site-packages\sklearn\metrics\_classification.py:1561: UserWarning: Note that pos_label (set to 'spam') is ignored when average != 'binary' (got 'weighted'). You may use labels=[pos_label] to specify a single positive class.
  warnings.warn(

2026-04-08 19:12:01,807:WARNING:C:\Users\barun\AppData\Local\Programs\Python\Python311\Lib\site-packages\sklearn\metrics\_classification.py:1561: UserWarning: Note that pos_label (set to 'spam') is ignored when average != 'binary' (got 'weighted'). You may use labels=[pos_label] to specify a single positive class.
  warnings.warn(

2026-04-08 19:12:01,820:WARNING:C:\Users\barun\AppData\Local\Programs\Python\Python311\Lib\site-packages\sklearn\metrics\_classification.py:1561: UserWarning: Note that pos_label (set to 'spam') is ignored when average != 'binary' (got 'weighted'). You may use labels=[pos_label] to specify a single positive class.
  warnings.warn(

2026-04-08 19:12:02,055:WARNING:C:\Users\barun\AppData\Local\Programs\Python\Python311\Lib\site-packages\sklearn\metrics\_classification.py:1561: UserWarning: Note that pos_label (set to 'spam') is ignored when average != 'binary' (got 'weighted'). You may use labels=[pos_label] to specify a single positive class.
  warnings.warn(

2026-04-08 19:12:02,062:WARNING:C:\Users\barun\AppData\Local\Programs\Python\Python311\Lib\site-packages\sklearn\metrics\_classification.py:1561: UserWarning: Note that pos_label (set to 'spam') is ignored when average != 'binary' (got 'weighted'). You may use labels=[pos_label] to specify a single positive class.
  warnings.warn(

2026-04-08 19:12:02,067:WARNING:C:\Users\barun\AppData\Local\Programs\Python\Python311\Lib\site-packages\sklearn\metrics\_classification.py:1561: UserWarning: Note that pos_label (set to 'spam') is ignored when average != 'binary' (got 'weighted'). You may use labels=[pos_label] to specify a single positive class.
  warnings.warn(

2026-04-08 19:12:02,088:INFO:Calculating mean and std
2026-04-08 19:12:02,090:INFO:Creating metrics dataframe
2026-04-08 19:12:02,098:INFO:Uploading results into container
2026-04-08 19:12:02,098:INFO:Uploading model into container now
2026-04-08 19:12:02,100:INFO:_master_model_container: 2
2026-04-08 19:12:02,100:INFO:_display_container: 2
2026-04-08 19:12:02,100:INFO:GaussianNB(priors=None, var_smoothing=1e-09)
2026-04-08 19:12:02,102:INFO:create_model() successfully completed......................................
2026-04-08 19:12:02,342:INFO:SubProcess create_model() end ==================================
2026-04-08 19:12:02,342:INFO:Creating metrics dataframe
2026-04-08 19:12:02,352:INFO:Initializing Logistic Regression
2026-04-08 19:12:02,352:INFO:Total runtime is 0.46474768718083703 minutes
2026-04-08 19:12:02,353:INFO:SubProcess create_model() called ==================================
2026-04-08 19:12:02,353:INFO:Initializing create_model()
2026-04-08 19:12:02,353:INFO:create_model(self=<pycaret.classification.oop.ClassificationExperiment object at 0x0000025E8BBD15D0>, estimator=lr, fold=StratifiedKFold(n_splits=10, random_state=None, shuffle=False), round=4, cross_validation=True, predict=True, fit_kwargs={}, groups=None, refit=False, probability_threshold=None, experiment_custom_tags=None, verbose=False, system=False, add_to_model_list=True, metrics=None, display=<pycaret.internal.display.display.CommonDisplay object at 0x0000025E8F8E6990>, model_only=True, return_train_score=False, error_score=0.0, kwargs={})
2026-04-08 19:12:02,353:INFO:Checking exceptions
2026-04-08 19:12:02,353:INFO:Importing libraries
2026-04-08 19:12:02,353:INFO:Copying training dataset
2026-04-08 19:12:02,975:INFO:Defining folds
2026-04-08 19:12:02,975:INFO:Declaring metric variables
2026-04-08 19:12:02,975:INFO:Importing untrained model
2026-04-08 19:12:02,978:INFO:Logistic Regression Imported successfully
2026-04-08 19:12:02,979:INFO:Starting cross validation
2026-04-08 19:12:02,985:INFO:Cross validating with StratifiedKFold(n_splits=10, random_state=None, shuffle=False), n_jobs=-1
2026-04-08 19:12:03,756:WARNING:C:\Users\barun\AppData\Local\Programs\Python\Python311\Lib\site-packages\sklearn\metrics\_classification.py:1561: UserWarning: Note that pos_label (set to 'spam') is ignored when average != 'binary' (got 'weighted'). You may use labels=[pos_label] to specify a single positive class.
  warnings.warn(

2026-04-08 19:12:03,766:WARNING:C:\Users\barun\AppData\Local\Programs\Python\Python311\Lib\site-packages\sklearn\metrics\_classification.py:1561: UserWarning: Note that pos_label (set to 'spam') is ignored when average != 'binary' (got 'weighted'). You may use labels=[pos_label] to specify a single positive class.
  warnings.warn(

2026-04-08 19:12:03,780:WARNING:C:\Users\barun\AppData\Local\Programs\Python\Python311\Lib\site-packages\sklearn\metrics\_classification.py:1561: UserWarning: Note that pos_label (set to 'spam') is ignored when average != 'binary' (got 'weighted'). You may use labels=[pos_label] to specify a single positive class.
  warnings.warn(

2026-04-08 19:12:03,926:WARNING:C:\Users\barun\AppData\Local\Programs\Python\Python311\Lib\site-packages\sklearn\metrics\_classification.py:1561: UserWarning: Note that pos_label (set to 'spam') is ignored when average != 'binary' (got 'weighted'). You may use labels=[pos_label] to specify a single positive class.
  warnings.warn(

2026-04-08 19:12:03,941:WARNING:C:\Users\barun\AppData\Local\Programs\Python\Python311\Lib\site-packages\sklearn\metrics\_classification.py:1561: UserWarning: Note that pos_label (set to 'spam') is ignored when average != 'binary' (got 'weighted'). You may use labels=[pos_label] to specify a single positive class.
  warnings.warn(

2026-04-08 19:12:03,954:WARNING:C:\Users\barun\AppData\Local\Programs\Python\Python311\Lib\site-packages\sklearn\metrics\_classification.py:1561: UserWarning: Note that pos_label (set to 'spam') is ignored when average != 'binary' (got 'weighted'). You may use labels=[pos_label] to specify a single positive class.
  warnings.warn(

2026-04-08 19:12:04,070:WARNING:C:\Users\barun\AppData\Local\Programs\Python\Python311\Lib\site-packages\sklearn\metrics\_classification.py:1561: UserWarning: Note that pos_label (set to 'spam') is ignored when average != 'binary' (got 'weighted'). You may use labels=[pos_label] to specify a single positive class.
  warnings.warn(

2026-04-08 19:12:04,080:WARNING:C:\Users\barun\AppData\Local\Programs\Python\Python311\Lib\site-packages\sklearn\metrics\_classification.py:1561: UserWarning: Note that pos_label (set to 'spam') is ignored when average != 'binary' (got 'weighted'). You may use labels=[pos_label] to specify a single positive class.
  warnings.warn(

2026-04-08 19:12:04,090:WARNING:C:\Users\barun\AppData\Local\Programs\Python\Python311\Lib\site-packages\sklearn\metrics\_classification.py:1561: UserWarning: Note that pos_label (set to 'spam') is ignored when average != 'binary' (got 'weighted'). You may use labels=[pos_label] to specify a single positive class.
  warnings.warn(

2026-04-08 19:12:04,209:WARNING:C:\Users\barun\AppData\Local\Programs\Python\Python311\Lib\site-packages\sklearn\metrics\_classification.py:1561: UserWarning: Note that pos_label (set to 'spam') is ignored when average != 'binary' (got 'weighted'). You may use labels=[pos_label] to specify a single positive class.
  warnings.warn(

2026-04-08 19:12:04,220:WARNING:C:\Users\barun\AppData\Local\Programs\Python\Python311\Lib\site-packages\sklearn\metrics\_classification.py:1561: UserWarning: Note that pos_label (set to 'spam') is ignored when average != 'binary' (got 'weighted'). You may use labels=[pos_label] to specify a single positive class.
  warnings.warn(

2026-04-08 19:12:04,230:WARNING:C:\Users\barun\AppData\Local\Programs\Python\Python311\Lib\site-packages\sklearn\metrics\_classification.py:1561: UserWarning: Note that pos_label (set to 'spam') is ignored when average != 'binary' (got 'weighted'). You may use labels=[pos_label] to specify a single positive class.
  warnings.warn(

2026-04-08 19:12:04,408:WARNING:C:\Users\barun\AppData\Local\Programs\Python\Python311\Lib\site-packages\sklearn\metrics\_classification.py:1561: UserWarning: Note that pos_label (set to 'spam') is ignored when average != 'binary' (got 'weighted'). You may use labels=[pos_label] to specify a single positive class.
  warnings.warn(

2026-04-08 19:12:04,424:WARNING:C:\Users\barun\AppData\Local\Programs\Python\Python311\Lib\site-packages\sklearn\metrics\_classification.py:1561: UserWarning: Note that pos_label (set to 'spam') is ignored when average != 'binary' (got 'weighted'). You may use labels=[pos_label] to specify a single positive class.
  warnings.warn(

2026-04-08 19:12:04,438:WARNING:C:\Users\barun\AppData\Local\Programs\Python\Python311\Lib\site-packages\sklearn\metrics\_classification.py:1561: UserWarning: Note that pos_label (set to 'spam') is ignored when average != 'binary' (got 'weighted'). You may use labels=[pos_label] to specify a single positive class.
  warnings.warn(

2026-04-08 19:12:04,553:WARNING:C:\Users\barun\AppData\Local\Programs\Python\Python311\Lib\site-packages\sklearn\metrics\_classification.py:1561: UserWarning: Note that pos_label (set to 'spam') is ignored when average != 'binary' (got 'weighted'). You may use labels=[pos_label] to specify a single positive class.
  warnings.warn(

2026-04-08 19:12:04,565:WARNING:C:\Users\barun\AppData\Local\Programs\Python\Python311\Lib\site-packages\sklearn\metrics\_classification.py:1561: UserWarning: Note that pos_label (set to 'spam') is ignored when average != 'binary' (got 'weighted'). You may use labels=[pos_label] to specify a single positive class.
  warnings.warn(

2026-04-08 19:12:04,575:WARNING:C:\Users\barun\AppData\Local\Programs\Python\Python311\Lib\site-packages\sklearn\metrics\_classification.py:1561: UserWarning: Note that pos_label (set to 'spam') is ignored when average != 'binary' (got 'weighted'). You may use labels=[pos_label] to specify a single positive class.
  warnings.warn(

2026-04-08 19:12:04,734:WARNING:C:\Users\barun\AppData\Local\Programs\Python\Python311\Lib\site-packages\sklearn\metrics\_classification.py:1561: UserWarning: Note that pos_label (set to 'spam') is ignored when average != 'binary' (got 'weighted'). You may use labels=[pos_label] to specify a single positive class.
  warnings.warn(

2026-04-08 19:12:04,748:WARNING:C:\Users\barun\AppData\Local\Programs\Python\Python311\Lib\site-packages\sklearn\metrics\_classification.py:1561: UserWarning: Note that pos_label (set to 'spam') is ignored when average != 'binary' (got 'weighted'). You may use labels=[pos_label] to specify a single positive class.
  warnings.warn(

2026-04-08 19:12:04,759:WARNING:C:\Users\barun\AppData\Local\Programs\Python\Python311\Lib\site-packages\sklearn\metrics\_classification.py:1561: UserWarning: Note that pos_label (set to 'spam') is ignored when average != 'binary' (got 'weighted'). You may use labels=[pos_label] to specify a single positive class.
  warnings.warn(

2026-04-08 19:12:04,914:WARNING:C:\Users\barun\AppData\Local\Programs\Python\Python311\Lib\site-packages\sklearn\metrics\_classification.py:1561: UserWarning: Note that pos_label (set to 'spam') is ignored when average != 'binary' (got 'weighted'). You may use labels=[pos_label] to specify a single positive class.
  warnings.warn(

2026-04-08 19:12:04,925:WARNING:C:\Users\barun\AppData\Local\Programs\Python\Python311\Lib\site-packages\sklearn\metrics\_classification.py:1561: UserWarning: Note that pos_label (set to 'spam') is ignored when average != 'binary' (got 'weighted'). You may use labels=[pos_label] to specify a single positive class.
  warnings.warn(

2026-04-08 19:12:04,940:WARNING:C:\Users\barun\AppData\Local\Programs\Python\Python311\Lib\site-packages\sklearn\metrics\_classification.py:1561: UserWarning: Note that pos_label (set to 'spam') is ignored when average != 'binary' (got 'weighted'). You may use labels=[pos_label] to specify a single positive class.
  warnings.warn(

2026-04-08 19:12:05,070:WARNING:C:\Users\barun\AppData\Local\Programs\Python\Python311\Lib\site-packages\sklearn\metrics\_classification.py:1561: UserWarning: Note that pos_label (set to 'spam') is ignored when average != 'binary' (got 'weighted'). You may use labels=[pos_label] to specify a single positive class.
  warnings.warn(

2026-04-08 19:12:05,082:WARNING:C:\Users\barun\AppData\Local\Programs\Python\Python311\Lib\site-packages\sklearn\metrics\_classification.py:1561: UserWarning: Note that pos_label (set to 'spam') is ignored when average != 'binary' (got 'weighted'). You may use labels=[pos_label] to specify a single positive class.
  warnings.warn(

2026-04-08 19:12:05,092:WARNING:C:\Users\barun\AppData\Local\Programs\Python\Python311\Lib\site-packages\sklearn\metrics\_classification.py:1561: UserWarning: Note that pos_label (set to 'spam') is ignored when average != 'binary' (got 'weighted'). You may use labels=[pos_label] to specify a single positive class.
  warnings.warn(

2026-04-08 19:12:05,200:WARNING:C:\Users\barun\AppData\Local\Programs\Python\Python311\Lib\site-packages\sklearn\metrics\_classification.py:1561: UserWarning: Note that pos_label (set to 'spam') is ignored when average != 'binary' (got 'weighted'). You may use labels=[pos_label] to specify a single positive class.
  warnings.warn(

2026-04-08 19:12:05,218:WARNING:C:\Users\barun\AppData\Local\Programs\Python\Python311\Lib\site-packages\sklearn\metrics\_classification.py:1561: UserWarning: Note that pos_label (set to 'spam') is ignored when average != 'binary' (got 'weighted'). You may use labels=[pos_label] to specify a single positive class.
  warnings.warn(

2026-04-08 19:12:05,229:WARNING:C:\Users\barun\AppData\Local\Programs\Python\Python311\Lib\site-packages\sklearn\metrics\_classification.py:1561: UserWarning: Note that pos_label (set to 'spam') is ignored when average != 'binary' (got 'weighted'). You may use labels=[pos_label] to specify a single positive class.
  warnings.warn(

2026-04-08 19:12:05,256:INFO:Calculating mean and std
2026-04-08 19:12:05,258:INFO:Creating metrics dataframe
2026-04-08 19:12:05,264:INFO:Uploading results into container
2026-04-08 19:12:05,265:INFO:Uploading model into container now
2026-04-08 19:12:05,267:INFO:_master_model_container: 3
2026-04-08 19:12:05,267:INFO:_display_container: 2
2026-04-08 19:12:05,267:INFO:LogisticRegression(C=1.0, class_weight=None, dual=False, fit_intercept=True,
                   intercept_scaling=1, l1_ratio=None, max_iter=1000,
                   multi_class='auto', n_jobs=None, penalty='l2',
                   random_state=42, solver='lbfgs', tol=0.0001, verbose=0,
                   warm_start=False)
2026-04-08 19:12:05,267:INFO:create_model() successfully completed......................................
2026-04-08 19:12:05,548:INFO:SubProcess create_model() end ==================================
2026-04-08 19:12:05,548:INFO:Creating metrics dataframe
2026-04-08 19:12:05,559:INFO:Initializing create_model()
2026-04-08 19:12:05,561:INFO:create_model(self=<pycaret.classification.oop.ClassificationExperiment object at 0x0000025E8BBD15D0>, estimator=SGDClassifier(alpha=0.0001, average=False, class_weight=None,
              early_stopping=False, epsilon=0.1, eta0=0.001, fit_intercept=True,
              l1_ratio=0.15, learning_rate='optimal', loss='hinge',
              max_iter=1000, n_iter_no_change=5, n_jobs=-1, penalty='l2',
              power_t=0.5, random_state=42, shuffle=True, tol=0.001,
              validation_fraction=0.1, verbose=0, warm_start=False), fold=StratifiedKFold(n_splits=10, random_state=None, shuffle=False), round=4, cross_validation=False, predict=False, fit_kwargs={}, groups=None, refit=True, probability_threshold=None, experiment_custom_tags=None, verbose=False, system=False, add_to_model_list=True, metrics=None, display=None, model_only=True, return_train_score=False, error_score=0.0, kwargs={})
2026-04-08 19:12:05,561:INFO:Checking exceptions
2026-04-08 19:12:05,563:INFO:Importing libraries
2026-04-08 19:12:05,564:INFO:Copying training dataset
2026-04-08 19:12:06,002:INFO:Defining folds
2026-04-08 19:12:06,002:INFO:Declaring metric variables
2026-04-08 19:12:06,003:INFO:Importing untrained model
2026-04-08 19:12:06,003:INFO:Declaring custom model
2026-04-08 19:12:06,004:INFO:SVM - Linear Kernel Imported successfully
2026-04-08 19:12:06,013:INFO:Cross validation set to False
2026-04-08 19:12:06,013:INFO:Fitting Model
2026-04-08 19:12:06,258:INFO:SGDClassifier(alpha=0.0001, average=False, class_weight=None,
              early_stopping=False, epsilon=0.1, eta0=0.001, fit_intercept=True,
              l1_ratio=0.15, learning_rate='optimal', loss='hinge',
              max_iter=1000, n_iter_no_change=5, n_jobs=-1, penalty='l2',
              power_t=0.5, random_state=42, shuffle=True, tol=0.001,
              validation_fraction=0.1, verbose=0, warm_start=False)
2026-04-08 19:12:06,264:INFO:create_model() successfully completed......................................
2026-04-08 19:12:06,488:INFO:_master_model_container: 3
2026-04-08 19:12:06,488:INFO:_display_container: 2
2026-04-08 19:12:06,488:INFO:SGDClassifier(alpha=0.0001, average=False, class_weight=None,
              early_stopping=False, epsilon=0.1, eta0=0.001, fit_intercept=True,
              l1_ratio=0.15, learning_rate='optimal', loss='hinge',
              max_iter=1000, n_iter_no_change=5, n_jobs=-1, penalty='l2',
              power_t=0.5, random_state=42, shuffle=True, tol=0.001,
              validation_fraction=0.1, verbose=0, warm_start=False)
2026-04-08 19:12:06,488:INFO:compare_models() successfully completed......................................
